n-back-test/Library/Bee/Android/Prj/IL2CPP/Gradle/launcher/build/intermediates/manifest_merge_blame_file/release/manifest-merger-blame-release-report.txt
1<?xml version="1.0" encoding="utf-8"?>
2<manifest xmlns:android="http://schemas.android.com/apk/res/android"
3    package="com.UnityTechnologies.com.unity.template.urpblank"
4    android:installLocation="preferExternal"
5    android:versionCode="1"
6    android:versionName="0.1.0" >
7
8    <uses-sdk
9        android:minSdkVersion="22"
9-->src\main\AndroidManifest.xml
10        android:targetSdkVersion="35" />
10-->src\main\AndroidManifest.xml
11
12    <supports-screens
12-->src\main\AndroidManifest.xml:4:3-163
13        android:anyDensity="true"
13-->src\main\AndroidManifest.xml:4:135-160
14        android:largeScreens="true"
14-->src\main\AndroidManifest.xml:4:78-105
15        android:normalScreens="true"
15-->src\main\AndroidManifest.xml:4:49-77
16        android:smallScreens="true"
16-->src\main\AndroidManifest.xml:4:21-48
17        android:xlargeScreens="true" />
17-->src\main\AndroidManifest.xml:4:106-134
18
19    <uses-permission android:name="android.permission.INTERNET" />
19-->[:unityLibrary] AndroidManifest.xml:8:5-67
19-->[:unityLibrary] AndroidManifest.xml:8:22-64
20
21    <uses-feature android:glEsVersion="0x00030000" />
21-->[:unityLibrary] AndroidManifest.xml:10:5-54
21-->[:unityLibrary] AndroidManifest.xml:10:19-51
22    <uses-feature
22-->[:unityLibrary] AndroidManifest.xml:11:5-13:36
23        android:name="android.hardware.vulkan.version"
23-->[:unityLibrary] AndroidManifest.xml:12:9-55
24        android:required="false" />
24-->[:unityLibrary] AndroidManifest.xml:13:9-33
25    <uses-feature
25-->[:unityLibrary] AndroidManifest.xml:14:5-16:36
26        android:name="android.hardware.touchscreen"
26-->[:unityLibrary] AndroidManifest.xml:15:9-52
27        android:required="false" />
27-->[:unityLibrary] AndroidManifest.xml:16:9-33
28    <uses-feature
28-->[:unityLibrary] AndroidManifest.xml:17:5-19:36
29        android:name="android.hardware.touchscreen.multitouch"
29-->[:unityLibrary] AndroidManifest.xml:18:9-63
30        android:required="false" />
30-->[:unityLibrary] AndroidManifest.xml:19:9-33
31    <uses-feature
31-->[:unityLibrary] AndroidManifest.xml:20:5-22:36
32        android:name="android.hardware.touchscreen.multitouch.distinct"
32-->[:unityLibrary] AndroidManifest.xml:21:9-72
33        android:required="false" />
33-->[:unityLibrary] AndroidManifest.xml:22:9-33
34    <uses-feature
34-->[:unityLibrary:xrmanifest.androidlib] AndroidManifest.xml:7:5-10:31
35        android:name="android.hardware.vr.headtracking"
35-->[:unityLibrary:xrmanifest.androidlib] AndroidManifest.xml:8:9-56
36        android:required="true"
36-->[:unityLibrary:xrmanifest.androidlib] AndroidManifest.xml:9:9-32
37        android:version="1" />
37-->[:unityLibrary:xrmanifest.androidlib] AndroidManifest.xml:10:9-28
38
39    <uses-permission android:name="android.permission.WRITE_EXTERNAL_STORAGE" />
40    <uses-permission android:name="android.permission.READ_PHONE_STATE" />
41    <uses-permission android:name="android.permission.READ_EXTERNAL_STORAGE" />
42
43    <application
43-->src\main\AndroidManifest.xml:3:3-83
44        android:extractNativeLibs="true"
44-->[:unityLibrary] AndroidManifest.xml:24:18-50
45        android:icon="@mipmap/app_icon"
45-->src\main\AndroidManifest.xml:3:49-80
46        android:label="@string/app_name" >
46-->src\main\AndroidManifest.xml:3:16-48
47        <meta-data
47-->[:unityLibrary] AndroidManifest.xml:25:9-27:33
48            android:name="unity.splash-mode"
48-->[:unityLibrary] AndroidManifest.xml:26:13-45
49            android:value="0" />
49-->[:unityLibrary] AndroidManifest.xml:27:13-30
50        <meta-data
50-->[:unityLibrary] AndroidManifest.xml:28:9-30:36
51            android:name="unity.splash-enable"
51-->[:unityLibrary] AndroidManifest.xml:29:13-47
52            android:value="True" />
52-->[:unityLibrary] AndroidManifest.xml:30:13-33
53        <meta-data
53-->[:unityLibrary] AndroidManifest.xml:31:9-33:36
54            android:name="unity.launch-fullscreen"
54-->[:unityLibrary] AndroidManifest.xml:32:13-51
55            android:value="True" />
55-->[:unityLibrary] AndroidManifest.xml:33:13-33
56        <meta-data
56-->[:unityLibrary] AndroidManifest.xml:34:9-36:36
57            android:name="unity.render-outside-safearea"
57-->[:unityLibrary] AndroidManifest.xml:35:13-57
58            android:value="True" />
58-->[:unityLibrary] AndroidManifest.xml:36:13-33
59        <meta-data
59-->[:unityLibrary] AndroidManifest.xml:37:9-39:50
60            android:name="notch.config"
60-->[:unityLibrary] AndroidManifest.xml:38:13-40
61            android:value="portrait|landscape" />
61-->[:unityLibrary] AndroidManifest.xml:39:13-47
62        <meta-data
62-->[:unityLibrary] AndroidManifest.xml:40:9-42:36
63            android:name="unity.auto-report-fully-drawn"
63-->[:unityLibrary] AndroidManifest.xml:41:13-57
64            android:value="true" />
64-->[:unityLibrary] AndroidManifest.xml:42:13-33
65
66        <activity
66-->[:unityLibrary] AndroidManifest.xml:44:9-67:20
67            android:name="com.unity3d.player.UnityPlayerActivity"
67-->[:unityLibrary] AndroidManifest.xml:45:13-66
68            android:configChanges="mcc|mnc|locale|touchscreen|keyboard|keyboardHidden|navigation|orientation|screenLayout|uiMode|screenSize|smallestScreenSize|fontScale|layoutDirection|density"
68-->[:unityLibrary] AndroidManifest.xml:46:13-194
69            android:exported="true"
69-->[:unityLibrary] AndroidManifest.xml:47:13-36
70            android:hardwareAccelerated="false"
70-->[:unityLibrary] AndroidManifest.xml:48:13-48
71            android:launchMode="singleTask"
71-->[:unityLibrary] AndroidManifest.xml:49:13-44
72            android:resizeableActivity="false"
72-->[:unityLibrary] AndroidManifest.xml:50:13-47
73            android:screenOrientation="fullUser"
73-->[:unityLibrary] AndroidManifest.xml:51:13-49
74            android:theme="@style/UnityThemeSelector" >
74-->[:unityLibrary] AndroidManifest.xml:52:13-54
75            <intent-filter>
75-->[:unityLibrary] AndroidManifest.xml:53:13-59:29
76                <category android:name="android.intent.category.LAUNCHER" />
76-->[:unityLibrary] AndroidManifest.xml:54:17-77
76-->[:unityLibrary] AndroidManifest.xml:54:27-74
77
78                <action android:name="android.intent.action.MAIN" />
78-->[:unityLibrary] AndroidManifest.xml:56:17-69
78-->[:unityLibrary] AndroidManifest.xml:56:25-66
79
80                <category android:name="com.oculus.intent.category.VR" />
80-->[:unityLibrary] AndroidManifest.xml:58:17-74
80-->[:unityLibrary] AndroidManifest.xml:58:27-71
81            </intent-filter>
82
83            <meta-data
83-->[:unityLibrary] AndroidManifest.xml:61:13-63:40
84                android:name="unityplayer.UnityActivity"
84-->[:unityLibrary] AndroidManifest.xml:62:17-57
85                android:value="true" />
85-->[:unityLibrary] AndroidManifest.xml:63:17-37
86            <meta-data
86-->[:unityLibrary] AndroidManifest.xml:64:13-66:40
87                android:name="notch_support"
87-->[:unityLibrary] AndroidManifest.xml:65:17-45
88                android:value="true" />
88-->[:unityLibrary] AndroidManifest.xml:66:17-37
89            <meta-data
89-->[:unityLibrary:xrmanifest.androidlib] AndroidManifest.xml:16:13-18:40
90                android:name="com.oculus.vr.focusaware"
90-->[:unityLibrary:xrmanifest.androidlib] AndroidManifest.xml:17:17-56
91                android:value="true" />
91-->[:unityLibrary:xrmanifest.androidlib] AndroidManifest.xml:18:17-37
92        </activity>
93
94        <meta-data
94-->[:unityLibrary:xrmanifest.androidlib] AndroidManifest.xml:21:9-23:59
95            android:name="com.oculus.supportedDevices"
95-->[:unityLibrary:xrmanifest.androidlib] AndroidManifest.xml:22:13-55
96            android:value="quest|quest2|cambria|eureka" />
96-->[:unityLibrary:xrmanifest.androidlib] AndroidManifest.xml:23:13-56
97    </application>
98
99</manifest>